<?xml version="1.0" encoding="UTF-8"?>
<!-- Generated by org.testng.reporters.JUnitReportReporter -->
<testsuite hostname="DESKTOP-VVD3BPA" failures="0" tests="1" name="Sequencetest.Annotaionsequence" time="0.009" errors="0" timestamp="2022-08-16T20:28:24 IST" skipped="0">
  <testcase classname="Sequencetest.Annotaionsequence" name="test" time="0.009"/>
  <system-out/>
</testsuite> <!-- Sequencetest.Annotaionsequence -->
