<?xml version="1.0" encoding="UTF-8"?>
<!-- Generated by org.testng.reporters.JUnitReportReporter -->
<testsuite hostname="DESKTOP-VVD3BPA" failures="0" tests="3" name="Testngprograms.Checkenabled" time="0.041" errors="0" timestamp="2022-08-25T20:56:07 IST" skipped="0">
  <testcase classname="Testngprograms.Checkenabled" name="login" time="0.014"/>
  <system-out>
    <![CDATA[Test is started suceesfully
Test is passes]]>
  </system-out>
  <testcase classname="Testngprograms.Checkenabled" name="home" time="0.014"/>
  <system-out>
    <![CDATA[Test is started suceesfully
chrome running
running with version104
Test is passes]]>
  </system-out>
  <testcase classname="Testngprograms.Checkenabled" name="feed" time="0.013"/>
  <system-out>
    <![CDATA[Test is started suceesfully
Test is passes]]>
  </system-out>
</testsuite> <!-- Testngprograms.Checkenabled -->
