<?xml version="1.0" encoding="UTF-8"?>
<!-- Generated by org.testng.reporters.JUnitReportReporter -->
<testsuite hostname="DESKTOP-VVD3BPA" failures="0" tests="2" name="Sequencetest.Checksequence" time="0.015" errors="0" timestamp="2022-08-15T23:05:02 IST" skipped="0">
  <testcase classname="Sequencetest.Checksequence" name="stestcase2" time="0.013"/>
  <system-out>
    <![CDATA[checking reporter]]>
  </system-out>
  <testcase classname="Sequencetest.Checksequence" name="atestcase1" time="0.002"/>
  <system-out/>
</testsuite> <!-- Sequencetest.Checksequence -->
