<?xml version="1.0" encoding="UTF-8"?>
<!-- Generated by org.testng.reporters.JUnitReportReporter -->
<testsuite hostname="DESKTOP-VVD3BPA" failures="0" tests="12" name="Sequencetest.Checkinvokationcount" time="0.027" errors="0" timestamp="2022-08-16T20:28:24 IST" skipped="0">
  <testcase classname="Sequencetest.Checkinvokationcount" name="read" time="0.002"/>
  <system-out/>
  <testcase classname="Sequencetest.Checkinvokationcount" name="write" time="0.001"/>
  <system-out/>
  <testcase classname="Sequencetest.Checkinvokationcount" name="read" time="0.002"/>
  <system-out/>
  <testcase classname="Sequencetest.Checkinvokationcount" name="read" time="0.001"/>
  <system-out/>
  <testcase classname="Sequencetest.Checkinvokationcount" name="read" time="0.006"/>
  <system-out/>
  <testcase classname="Sequencetest.Checkinvokationcount" name="write" time="0.002"/>
  <system-out/>
  <testcase classname="Sequencetest.Checkinvokationcount" name="write" time="0.001"/>
  <system-out/>
  <testcase classname="Sequencetest.Checkinvokationcount" name="write" time="0.001"/>
  <system-out/>
  <testcase classname="Sequencetest.Checkinvokationcount" name="write" time="0.003"/>
  <system-out/>
  <testcase classname="Sequencetest.Checkinvokationcount" name="read" time="0.003"/>
  <system-out/>
  <testcase classname="Sequencetest.Checkinvokationcount" name="write" time="0.003"/>
  <system-out/>
  <testcase classname="Sequencetest.Checkinvokationcount" name="write" time="0.002"/>
  <system-out/>
</testsuite> <!-- Sequencetest.Checkinvokationcount -->
